<?xml version="1.0" encoding="UTF-8"?>
<testng-results skipped="0" failed="0" ignored="0" total="1" passed="1">
  <reporter-output>
  </reporter-output>
  <suite name="Default suite" duration-ms="21797" started-at="2020-01-12T14:10:20Z" finished-at="2020-01-12T14:10:41Z">
    <groups>
    </groups>
    <test name="Default test" duration-ms="21797" started-at="2020-01-12T14:10:20Z" finished-at="2020-01-12T14:10:41Z">
      <class name="Base.BaseClass">
        <test-method status="PASS" signature="startReport()[pri:0, instance:Base.BaseClass@1bbe1b6]" name="startReport" is-config="true" duration-ms="255" started-at="2020-01-12T14:10:20Z" finished-at="2020-01-12T14:10:20Z">
          <reporter-output>
          </reporter-output>
        </test-method> <!-- startReport -->
        <test-method status="PASS" signature="TC_001()[pri:0, instance:Base.BaseClass@1bbe1b6]" name="TC_001" duration-ms="13126" started-at="2020-01-12T14:10:20Z" finished-at="2020-01-12T14:10:33Z">
          <reporter-output>
          </reporter-output>
        </test-method> <!-- TC_001 -->
        <test-method status="PASS" signature="Teardown()[pri:0, instance:Base.BaseClass@1bbe1b6]" name="Teardown" is-config="true" duration-ms="8367" started-at="2020-01-12T14:10:33Z" finished-at="2020-01-12T14:10:41Z">
          <reporter-output>
          </reporter-output>
        </test-method> <!-- Teardown -->
      </class> <!-- Base.BaseClass -->
    </test> <!-- Default test -->
  </suite> <!-- Default suite -->
</testng-results>
